<?xml version="1.0" encoding="UTF-8"?>
<testng-results skipped="0" failed="0" ignored="0" total="1" passed="1">
  <reporter-output>
  </reporter-output>
  <suite name="Surefire suite" duration-ms="27" started-at="2022-04-01T01:23:14 CEST" finished-at="2022-04-01T01:23:14 CEST">
    <groups>
    </groups>
    <test name="Surefire test" duration-ms="27" started-at="2022-04-01T01:23:14 CEST" finished-at="2022-04-01T01:23:14 CEST">
      <class name="ATS.TestLogin">
        <test-method status="PASS" signature="beforeSuite()[pri:0, instance:ATS.TestLogin@25a98f]" name="beforeSuite" is-config="true" duration-ms="10" started-at="2022-04-01T01:23:14 CEST" finished-at="2022-04-01T01:23:14 CEST">
          <reporter-output>
          </reporter-output>
        </test-method> <!-- beforeSuite -->
        <test-method status="PASS" signature="f()[pri:0, instance:ATS.TestLogin@25a98f]" name="f" duration-ms="1" started-at="2022-04-01T01:23:14 CEST" finished-at="2022-04-01T01:23:14 CEST">
          <reporter-output>
          </reporter-output>
          <attributes>
            <attribute name="test">
              <![CDATA[HTUTO-35]]>
            </attribute> <!-- test -->
            <attribute name="requirement">
              <![CDATA[HTUTO-34]]>
            </attribute> <!-- requirement -->
            <attribute name="labels">
              <![CDATA[]]>
            </attribute> <!-- labels -->
          </attributes>
        </test-method> <!-- f -->
        <test-method status="PASS" signature="afterSuite()[pri:0, instance:ATS.TestLogin@25a98f]" name="afterSuite" is-config="true" duration-ms="0" started-at="2022-04-01T01:23:14 CEST" finished-at="2022-04-01T01:23:14 CEST">
          <reporter-output>
          </reporter-output>
        </test-method> <!-- afterSuite -->
      </class> <!-- ATS.TestLogin -->
    </test> <!-- Surefire test -->
  </suite> <!-- Surefire suite -->
</testng-results>
